2019-11-30 14:48:52.561 [main] INFO  x.o.s.impl.CouponServiceImplTest - Starting CouponServiceImplTest on DESKTOP-NO7M2D3 with PID 13124 (started by zhoul in E:\Java\SpringDemo-master\malldemo\oomall)
2019-11-30 14:48:52.568 [main] INFO  x.o.s.impl.CouponServiceImplTest - No active profile set, falling back to default profiles: default
2019-11-30 14:48:53.986 [main] INFO  o.s.c.s.PostProcessorRegistrationDelegate$BeanPostProcessorChecker - Bean 'org.springframework.transaction.annotation.ProxyTransactionManagementConfiguration' of type [org.springframework.transaction.annotation.ProxyTransactionManagementConfiguration] is not eligible for getting processed by all BeanPostProcessors (for example: not eligible for auto-proxying)
2019-11-30 14:48:55.420 [main] INFO  o.s.s.c.ThreadPoolTaskExecutor - Initializing ExecutorService 'applicationTaskExecutor'
2019-11-30 14:48:56.120 [main] INFO  o.s.b.a.e.web.EndpointLinksResolver - Exposing 2 endpoint(s) beneath base path '/actuator'
2019-11-30 14:48:56.199 [main] INFO  x.o.s.impl.CouponServiceImplTest - Started CouponServiceImplTest in 4.049 seconds (JVM running for 7.269)
2019-11-30 14:48:56.548 [SpringContextShutdownHook] INFO  o.s.s.c.ThreadPoolTaskExecutor - Shutting down ExecutorService 'applicationTaskExecutor'
2019-11-30 15:30:56.445 [main] INFO  x.o.controller.OrderControllerTest - Starting OrderControllerTest on DESKTOP-NO7M2D3 with PID 3600 (started by zhoul in E:\Java\SpringDemo-master\malldemo\oomall)
2019-11-30 15:30:56.447 [main] INFO  x.o.controller.OrderControllerTest - No active profile set, falling back to default profiles: default
2019-11-30 15:30:58.345 [main] INFO  o.s.c.s.PostProcessorRegistrationDelegate$BeanPostProcessorChecker - Bean 'org.springframework.transaction.annotation.ProxyTransactionManagementConfiguration' of type [org.springframework.transaction.annotation.ProxyTransactionManagementConfiguration] is not eligible for getting processed by all BeanPostProcessors (for example: not eligible for auto-proxying)
2019-11-30 15:30:59.531 [main] INFO  o.s.s.c.ThreadPoolTaskExecutor - Initializing ExecutorService 'applicationTaskExecutor'
2019-11-30 15:31:00.322 [main] INFO  o.s.b.t.m.w.SpringBootMockServletContext - Initializing Spring TestDispatcherServlet ''
2019-11-30 15:31:00.323 [main] INFO  o.s.t.w.s.TestDispatcherServlet - Initializing Servlet ''
2019-11-30 15:31:00.336 [main] INFO  o.s.b.a.e.web.EndpointLinksResolver - Exposing 2 endpoint(s) beneath base path '/actuator'
2019-11-30 15:31:00.375 [main] INFO  o.s.t.w.s.TestDispatcherServlet - Completed initialization in 52 ms
2019-11-30 15:31:00.417 [main] INFO  x.o.controller.OrderControllerTest - Started OrderControllerTest in 4.483 seconds (JVM running for 6.182)
2019-11-30 15:31:00.457 [main] INFO  com.zaxxer.hikari.HikariDataSource - HikariPool-1 - Starting...
2019-11-30 15:31:00.713 [main] INFO  com.zaxxer.hikari.HikariDataSource - HikariPool-1 - Start completed.
2019-11-30 15:31:00.721 [main] INFO  o.s.t.c.t.TransactionContext - Began transaction (1) for test context [DefaultTestContext@611889f4 testClass = OrderControllerTest, testInstance = xmu.oomall.controller.OrderControllerTest@12a2585b, testMethod = submit@OrderControllerTest, testException = [null], mergedContextConfiguration = [WebMergedContextConfiguration@1da2cb77 testClass = OrderControllerTest, locations = '{}', classes = '{class xmu.oomall.OoMallApplication, class xmu.oomall.OoMallApplication}', contextInitializerClasses = '[]', activeProfiles = '{}', propertySourceLocations = '{}', propertySourceProperties = '{org.springframework.boot.test.context.SpringBootTestContextBootstrapper=true}', contextCustomizers = set[[ImportsContextCustomizer@48f278eb key = [org.springframework.boot.test.autoconfigure.web.servlet.MockMvcAutoConfiguration, org.springframework.boot.test.autoconfigure.web.servlet.MockMvcWebClientAutoConfiguration, org.springframework.boot.test.autoconfigure.web.servlet.MockMvcWebDriverAutoConfiguration, org.springframework.boot.autoconfigure.security.servlet.SecurityAutoConfiguration, org.springframework.boot.autoconfigure.security.servlet.UserDetailsServiceAutoConfiguration, org.springframework.boot.test.autoconfigure.web.servlet.MockMvcSecurityConfiguration]], org.springframework.boot.test.context.filter.ExcludeFilterContextCustomizer@48ae9b55, org.springframework.boot.test.json.DuplicateJsonObjectContextCustomizerFactory$DuplicateJsonObjectContextCustomizer@c267ef4, org.springframework.boot.test.mock.mockito.MockitoContextCustomizer@0, org.springframework.boot.test.web.client.TestRestTemplateContextCustomizer@27ce24aa, org.springframework.boot.test.autoconfigure.properties.PropertyMappingContextCustomizer@4b3fa0b3, org.springframework.boot.test.autoconfigure.web.servlet.WebDriverContextCustomizerFactory$Customizer@20deea7f], resourceBasePath = 'src/main/webapp', contextLoader = 'org.springframework.boot.test.context.SpringBootContextLoader', parent = [null]], attributes = map['org.springframework.test.context.web.ServletTestExecutionListener.activateListener' -> true, 'org.springframework.test.context.web.ServletTestExecutionListener.populatedRequestContextHolder' -> true, 'org.springframework.test.context.web.ServletTestExecutionListener.resetRequestContextHolder' -> true]]; transaction manager [org.springframework.jdbc.datasource.DataSourceTransactionManager@21b6c9c2]; rollback [true]
2019-11-30 15:31:01.241 [main] INFO  o.s.t.c.t.TransactionContext - Rolled back transaction for test: [DefaultTestContext@611889f4 testClass = OrderControllerTest, testInstance = xmu.oomall.controller.OrderControllerTest@12a2585b, testMethod = submit@OrderControllerTest, testException = org.springframework.web.util.NestedServletException: Request processing failed; nested exception is org.apache.ibatis.binding.BindingException: Invalid bound statement (not found): xmu.oomall.mapper.CouponMapper.findCouponById, mergedContextConfiguration = [WebMergedContextConfiguration@1da2cb77 testClass = OrderControllerTest, locations = '{}', classes = '{class xmu.oomall.OoMallApplication, class xmu.oomall.OoMallApplication}', contextInitializerClasses = '[]', activeProfiles = '{}', propertySourceLocations = '{}', propertySourceProperties = '{org.springframework.boot.test.context.SpringBootTestContextBootstrapper=true}', contextCustomizers = set[[ImportsContextCustomizer@48f278eb key = [org.springframework.boot.test.autoconfigure.web.servlet.MockMvcAutoConfiguration, org.springframework.boot.test.autoconfigure.web.servlet.MockMvcWebClientAutoConfiguration, org.springframework.boot.test.autoconfigure.web.servlet.MockMvcWebDriverAutoConfiguration, org.springframework.boot.autoconfigure.security.servlet.SecurityAutoConfiguration, org.springframework.boot.autoconfigure.security.servlet.UserDetailsServiceAutoConfiguration, org.springframework.boot.test.autoconfigure.web.servlet.MockMvcSecurityConfiguration]], org.springframework.boot.test.context.filter.ExcludeFilterContextCustomizer@48ae9b55, org.springframework.boot.test.json.DuplicateJsonObjectContextCustomizerFactory$DuplicateJsonObjectContextCustomizer@c267ef4, org.springframework.boot.test.mock.mockito.MockitoContextCustomizer@0, org.springframework.boot.test.web.client.TestRestTemplateContextCustomizer@27ce24aa, org.springframework.boot.test.autoconfigure.properties.PropertyMappingContextCustomizer@4b3fa0b3, org.springframework.boot.test.autoconfigure.web.servlet.WebDriverContextCustomizerFactory$Customizer@20deea7f], resourceBasePath = 'src/main/webapp', contextLoader = 'org.springframework.boot.test.context.SpringBootContextLoader', parent = [null]], attributes = map['org.springframework.test.context.web.ServletTestExecutionListener.activateListener' -> true, 'org.springframework.test.context.web.ServletTestExecutionListener.populatedRequestContextHolder' -> true, 'org.springframework.test.context.web.ServletTestExecutionListener.resetRequestContextHolder' -> true]]
2019-11-30 15:31:01.303 [SpringContextShutdownHook] INFO  o.s.s.c.ThreadPoolTaskExecutor - Shutting down ExecutorService 'applicationTaskExecutor'
2019-11-30 15:31:01.311 [SpringContextShutdownHook] INFO  com.zaxxer.hikari.HikariDataSource - HikariPool-1 - Shutdown initiated...
2019-11-30 15:31:01.319 [SpringContextShutdownHook] INFO  com.zaxxer.hikari.HikariDataSource - HikariPool-1 - Shutdown completed.
2019-11-30 15:32:16.761 [main] INFO  xmu.oomall.dao.CartItemDaoTest - Starting CartItemDaoTest on DESKTOP-NO7M2D3 with PID 18080 (started by zhoul in E:\Java\SpringDemo-master\malldemo\oomall)
2019-11-30 15:32:16.762 [main] INFO  xmu.oomall.dao.CartItemDaoTest - No active profile set, falling back to default profiles: default
2019-11-30 15:32:18.735 [main] INFO  o.s.c.s.PostProcessorRegistrationDelegate$BeanPostProcessorChecker - Bean 'org.springframework.transaction.annotation.ProxyTransactionManagementConfiguration' of type [org.springframework.transaction.annotation.ProxyTransactionManagementConfiguration] is not eligible for getting processed by all BeanPostProcessors (for example: not eligible for auto-proxying)
2019-11-30 15:32:19.740 [main] INFO  o.s.s.c.ThreadPoolTaskExecutor - Initializing ExecutorService 'applicationTaskExecutor'
2019-11-30 15:32:20.369 [main] INFO  o.s.b.a.e.web.EndpointLinksResolver - Exposing 2 endpoint(s) beneath base path '/actuator'
2019-11-30 15:32:20.435 [main] INFO  xmu.oomall.dao.CartItemDaoTest - Started CartItemDaoTest in 4.171 seconds (JVM running for 5.683)
2019-11-30 15:32:20.778 [SpringContextShutdownHook] INFO  o.s.s.c.ThreadPoolTaskExecutor - Shutting down ExecutorService 'applicationTaskExecutor'
2019-11-30 15:38:31.195 [main] INFO  xmu.oomall.dao.CartItemDaoTest - Starting CartItemDaoTest on DESKTOP-NO7M2D3 with PID 10624 (started by zhoul in E:\Java\SpringDemo-master\malldemo\oomall)
2019-11-30 15:38:31.197 [main] INFO  xmu.oomall.dao.CartItemDaoTest - No active profile set, falling back to default profiles: default
2019-11-30 15:38:33.161 [main] INFO  o.s.c.s.PostProcessorRegistrationDelegate$BeanPostProcessorChecker - Bean 'org.springframework.transaction.annotation.ProxyTransactionManagementConfiguration' of type [org.springframework.transaction.annotation.ProxyTransactionManagementConfiguration] is not eligible for getting processed by all BeanPostProcessors (for example: not eligible for auto-proxying)
2019-11-30 15:38:34.235 [main] INFO  o.s.s.c.ThreadPoolTaskExecutor - Initializing ExecutorService 'applicationTaskExecutor'
2019-11-30 15:38:34.909 [main] INFO  o.s.b.a.e.web.EndpointLinksResolver - Exposing 2 endpoint(s) beneath base path '/actuator'
2019-11-30 15:38:34.974 [main] INFO  xmu.oomall.dao.CartItemDaoTest - Started CartItemDaoTest in 4.294 seconds (JVM running for 5.984)
2019-11-30 15:38:35.271 [SpringContextShutdownHook] INFO  o.s.s.c.ThreadPoolTaskExecutor - Shutting down ExecutorService 'applicationTaskExecutor'
2019-11-30 15:45:45.481 [main] INFO  xmu.oomall.dao.CartItemDaoTest - Starting CartItemDaoTest on DESKTOP-NO7M2D3 with PID 6996 (started by zhoul in E:\Java\SpringDemo-master\malldemo\oomall)
2019-11-30 15:45:45.483 [main] INFO  xmu.oomall.dao.CartItemDaoTest - No active profile set, falling back to default profiles: default
2019-11-30 15:45:47.538 [main] INFO  o.s.c.s.PostProcessorRegistrationDelegate$BeanPostProcessorChecker - Bean 'org.springframework.transaction.annotation.ProxyTransactionManagementConfiguration' of type [org.springframework.transaction.annotation.ProxyTransactionManagementConfiguration] is not eligible for getting processed by all BeanPostProcessors (for example: not eligible for auto-proxying)
2019-11-30 15:45:48.546 [main] INFO  o.s.s.c.ThreadPoolTaskExecutor - Initializing ExecutorService 'applicationTaskExecutor'
2019-11-30 15:45:49.186 [main] INFO  o.s.b.a.e.web.EndpointLinksResolver - Exposing 2 endpoint(s) beneath base path '/actuator'
2019-11-30 15:45:49.277 [main] INFO  xmu.oomall.dao.CartItemDaoTest - Started CartItemDaoTest in 4.427 seconds (JVM running for 6.001)
2019-11-30 15:45:49.573 [SpringContextShutdownHook] INFO  o.s.s.c.ThreadPoolTaskExecutor - Shutting down ExecutorService 'applicationTaskExecutor'
2019-11-30 16:00:35.789 [main] INFO  xmu.oomall.dao.CartItemDaoTest - Starting CartItemDaoTest on DESKTOP-NO7M2D3 with PID 17832 (started by zhoul in E:\Java\SpringDemo-master\malldemo\oomall)
2019-11-30 16:00:35.791 [main] INFO  xmu.oomall.dao.CartItemDaoTest - No active profile set, falling back to default profiles: default
2019-11-30 16:00:37.721 [main] INFO  o.s.c.s.PostProcessorRegistrationDelegate$BeanPostProcessorChecker - Bean 'org.springframework.transaction.annotation.ProxyTransactionManagementConfiguration' of type [org.springframework.transaction.annotation.ProxyTransactionManagementConfiguration] is not eligible for getting processed by all BeanPostProcessors (for example: not eligible for auto-proxying)
2019-11-30 16:00:38.720 [main] INFO  o.s.s.c.ThreadPoolTaskExecutor - Initializing ExecutorService 'applicationTaskExecutor'
2019-11-30 16:00:39.335 [main] INFO  o.s.b.a.e.web.EndpointLinksResolver - Exposing 2 endpoint(s) beneath base path '/actuator'
2019-11-30 16:00:39.405 [main] INFO  xmu.oomall.dao.CartItemDaoTest - Started CartItemDaoTest in 4.165 seconds (JVM running for 5.884)
2019-11-30 16:00:39.711 [SpringContextShutdownHook] INFO  o.s.s.c.ThreadPoolTaskExecutor - Shutting down ExecutorService 'applicationTaskExecutor'
